<?xml version="1.0" encoding="UTF-8"?>
<testng-results skipped="0" failed="0" ignored="0" total="1" passed="1">
  <reporter-output>
  </reporter-output>
  <suite name="Default suite" duration-ms="8040" started-at="2018-06-26T06:17:24Z" finished-at="2018-06-26T06:17:32Z">
    <groups>
    </groups>
    <test name="Default test" duration-ms="8040" started-at="2018-06-26T06:17:24Z" finished-at="2018-06-26T06:17:32Z">
      <class name="CucumberDemo.CucumberDemo1.DemoLogin">
        <test-method status="PASS" signature="f()[pri:0, instance:CucumberDemo.CucumberDemo1.DemoLogin@47c62251]" name="f" duration-ms="8005" started-at="2018-06-26T11:47:24Z" finished-at="2018-06-26T11:47:32Z">
          <reporter-output>
          </reporter-output>
        </test-method> <!-- f -->
      </class> <!-- CucumberDemo.CucumberDemo1.DemoLogin -->
    </test> <!-- Default test -->
  </suite> <!-- Default suite -->
</testng-results>
